<?xml version="1.0" encoding="UTF-8"?>
<!-- Generated by org.testng.reporters.JUnitXMLReporter -->
<testsuite ignored="0" hostname="BF-5CG91657QJ" failures="1" tests="1" name="Surefire test" time="141.65" errors="0" timestamp="2024-08-06T10:18:55 CEST">
  <testcase classname="io.cucumber.testng.AbstractTestNGCucumberTests" name="runScenario" time="138.638">
    <failure type="org.openqa.selenium.ElementClickInterceptedException" message="element click intercepted: Element &amp;lt;div data-aura-rendered-by=&amp;quot;262:0&amp;quot;&amp;gt;...&amp;lt;/div&amp;gt; is not clickable at point (749, 62). Other element would receive the click: &amp;lt;lightning-input variant=&amp;quot;label-hidden&amp;quot; class=&amp;quot;saInput slds-grow slds-form-element&amp;quot; data-data-rendering-service-uid=&amp;quot;414&amp;quot; data-aura-rendered-by=&amp;quot;371:0&amp;quot; lwc-66unc5l95ad-host=&amp;quot;&amp;quot; keepfocusonnavigate=&amp;quot;true&amp;quot;&amp;gt;&amp;lt;/lightning-input&amp;gt;
  (Session info: chrome=126.0.6478.183)
Build info: version: &amp;apos;4.20.0&amp;apos;, revision: &amp;apos;866c76ca80&amp;apos;
System info: os.name: &amp;apos;Windows 11&amp;apos;, os.arch: &amp;apos;amd64&amp;apos;, os.version: &amp;apos;10.0&amp;apos;, java.version: &amp;apos;21.0.4&amp;apos;
Driver info: org.openqa.selenium.chrome.ChromeDriver
Command: [29119c5a6fc4256ae84427455786271d, clickElement {id=f.C199EAE50545E390209C85D3BEA47BC6.d.D1B97FFAA3C5A10ACE622E34FB252DBB.e.133}]
Capabilities {acceptInsecureCerts: false, browserName: chrome, browserVersion: 126.0.6478.183, chrome: {chromedriverVersion: 126.0.6478.182 (5b5d8292ddf..., userDataDir: C:\Users\SHARI~1.SAS\AppDat...}, fedcm:accounts: true, goog:chromeOptions: {debuggerAddress: localhost:57877}, networkConnectionEnabled: false, pageLoadStrategy: normal, platformName: windows, proxy: Proxy(), se:cdp: ws://localhost:57877/devtoo..., se:cdpVersion: 126.0.6478.183, setWindowRect: true, strictFileInteractability: false, timeouts: {implicit: 0, pageLoad: 300000, script: 30000}, unhandledPromptBehavior: dismiss and notify, webauthn:extension:credBlob: true, webauthn:extension:largeBlob: true, webauthn:extension:minPinLength: true, webauthn:extension:prf: true, webauthn:virtualAuthenticators: true}
Element: [[ChromeDriver: chrome on windows (29119c5a6fc4256ae84427455786271d)] -&amp;gt; xpath: //button[@aria-label=&amp;apos;Search&amp;apos;]/parent::div]
Session ID: 29119c5a6fc4256ae84427455786271d">
      <![CDATA[org.openqa.selenium.ElementClickInterceptedException: element click intercepted: Element <div data-aura-rendered-by="262:0">...</div> is not clickable at point (749, 62). Other element would receive the click: <lightning-input variant="label-hidden" class="saInput slds-grow slds-form-element" data-data-rendering-service-uid="414" data-aura-rendered-by="371:0" lwc-66unc5l95ad-host="" keepfocusonnavigate="true"></lightning-input>
  (Session info: chrome=126.0.6478.183)
Build info: version: '4.20.0', revision: '866c76ca80'
System info: os.name: 'Windows 11', os.arch: 'amd64', os.version: '10.0', java.version: '21.0.4'
Driver info: org.openqa.selenium.chrome.ChromeDriver
Command: [29119c5a6fc4256ae84427455786271d, clickElement {id=f.C199EAE50545E390209C85D3BEA47BC6.d.D1B97FFAA3C5A10ACE622E34FB252DBB.e.133}]
Capabilities {acceptInsecureCerts: false, browserName: chrome, browserVersion: 126.0.6478.183, chrome: {chromedriverVersion: 126.0.6478.182 (5b5d8292ddf..., userDataDir: C:\Users\SHARI~1.SAS\AppDat...}, fedcm:accounts: true, goog:chromeOptions: {debuggerAddress: localhost:57877}, networkConnectionEnabled: false, pageLoadStrategy: normal, platformName: windows, proxy: Proxy(), se:cdp: ws://localhost:57877/devtoo..., se:cdpVersion: 126.0.6478.183, setWindowRect: true, strictFileInteractability: false, timeouts: {implicit: 0, pageLoad: 300000, script: 30000}, unhandledPromptBehavior: dismiss and notify, webauthn:extension:credBlob: true, webauthn:extension:largeBlob: true, webauthn:extension:minPinLength: true, webauthn:extension:prf: true, webauthn:virtualAuthenticators: true}
Element: [[ChromeDriver: chrome on windows (29119c5a6fc4256ae84427455786271d)] -> xpath: //button[@aria-label='Search']/parent::div]
Session ID: 29119c5a6fc4256ae84427455786271d
at org.openqa.selenium.remote.ErrorCodec.decode(ErrorCodec.java:167)
at org.openqa.selenium.remote.codec.w3c.W3CHttpResponseCodec.decode(W3CHttpResponseCodec.java:138)
at org.openqa.selenium.remote.codec.w3c.W3CHttpResponseCodec.decode(W3CHttpResponseCodec.java:50)
at org.openqa.selenium.remote.HttpCommandExecutor.execute(HttpCommandExecutor.java:190)
at org.openqa.selenium.remote.service.DriverCommandExecutor.invokeExecute(DriverCommandExecutor.java:216)
at org.openqa.selenium.remote.service.DriverCommandExecutor.execute(DriverCommandExecutor.java:174)
at org.openqa.selenium.remote.RemoteWebDriver.execute(RemoteWebDriver.java:518)
at org.openqa.selenium.remote.RemoteWebElement.execute(RemoteWebElement.java:223)
at org.openqa.selenium.remote.RemoteWebElement.click(RemoteWebElement.java:76)
at org.openqa.selenium.support.pagefactory.internal.LocatingElementHandler.invoke(LocatingElementHandler.java:51)
at jdk.proxy2/jdk.proxy2.$Proxy23.click(Unknown Source)
at pages.HomePage.SearchForItem(HomePage.java:63)
at stepdefinitions.homePageSteps.iSearchForTheCreatedAccount(homePageSteps.java:16)
at âœ½.I search for the created account(file:///C:/Users/shari.sasidharannair/Downloads/basic_fit-master/basic_fit-master/src/test/java/features/CreateAccount.feature:16)
... Removed 5 stack frames]]>
    </failure>
  </testcase> <!-- runScenario -->
</testsuite> <!-- Surefire test -->
