<?xml version="1.0" encoding="UTF-8"?>
<!-- Generated by org.testng.reporters.JUnitReportReporter -->
<testsuite hostname="BF-5CG91657QJ" failures="0" tests="1" name="runner.TestNGTestRunner" time="138.638" errors="1" timestamp="2024-08-06T10:18:55 CEST" skipped="0">
  <testcase classname="runner.TestNGTestRunner" name="runScenario" time="138.638">
    <error message="element click intercepted: Element &lt;div data-aura-rendered-by=&quot;262:0&quot;&gt;...&lt;/div&gt; is not clickable at point (749, 62). Other element would receive the click: &lt;lightning-input variant=&quot;label-hidden&quot; class=&quot;saInput slds-grow slds-form-element&quot; data-data-rendering-service-uid=&quot;414&quot; data-aura-rendered-by=&quot;371:0&quot; lwc-66unc5l95ad-host=&quot;&quot; keepfocusonnavigate=&quot;true&quot;&gt;&lt;/lightning-input&gt;
  (Session info: chrome=126.0.6478.183)
Build info: version: &#039;4.20.0&#039;, revision: &#039;866c76ca80&#039;
System info: os.name: &#039;Windows 11&#039;, os.arch: &#039;amd64&#039;, os.version: &#039;10.0&#039;, java.version: &#039;21.0.4&#039;
Driver info: org.openqa.selenium.chrome.ChromeDriver
Command: [29119c5a6fc4256ae84427455786271d, clickElement {id=f.C199EAE50545E390209C85D3BEA47BC6.d.D1B97FFAA3C5A10ACE622E34FB252DBB.e.133}]
Capabilities {acceptInsecureCerts: false, browserName: chrome, browserVersion: 126.0.6478.183, chrome: {chromedriverVersion: 126.0.6478.182 (5b5d8292ddf..., userDataDir: C:\Users\SHARI~1.SAS\AppDat...}, fedcm:accounts: true, goog:chromeOptions: {debuggerAddress: localhost:57877}, networkConnectionEnabled: false, pageLoadStrategy: normal, platformName: windows, proxy: Proxy(), se:cdp: ws://localhost:57877/devtoo..., se:cdpVersion: 126.0.6478.183, setWindowRect: true, strictFileInteractability: false, timeouts: {implicit: 0, pageLoad: 300000, script: 30000}, unhandledPromptBehavior: dismiss and notify, webauthn:extension:credBlob: true, webauthn:extension:largeBlob: true, webauthn:extension:minPinLength: true, webauthn:extension:prf: true, webauthn:virtualAuthenticators: true}
Element: [[ChromeDriver: chrome on windows (29119c5a6fc4256ae84427455786271d)] -&gt; xpath: //button[@aria-label=&#039;Search&#039;]/parent::div]
Session ID: 29119c5a6fc4256ae84427455786271d" type="org.openqa.selenium.ElementClickInterceptedException">
      <![CDATA[org.openqa.selenium.ElementClickInterceptedException: element click intercepted: Element <div data-aura-rendered-by="262:0">...</div> is not clickable at point (749, 62). Other element would receive the click: <lightning-input variant="label-hidden" class="saInput slds-grow slds-form-element" data-data-rendering-service-uid="414" data-aura-rendered-by="371:0" lwc-66unc5l95ad-host="" keepfocusonnavigate="true"></lightning-input>
  (Session info: chrome=126.0.6478.183)
Build info: version: '4.20.0', revision: '866c76ca80'
System info: os.name: 'Windows 11', os.arch: 'amd64', os.version: '10.0', java.version: '21.0.4'
Driver info: org.openqa.selenium.chrome.ChromeDriver
Command: [29119c5a6fc4256ae84427455786271d, clickElement {id=f.C199EAE50545E390209C85D3BEA47BC6.d.D1B97FFAA3C5A10ACE622E34FB252DBB.e.133}]
Capabilities {acceptInsecureCerts: false, browserName: chrome, browserVersion: 126.0.6478.183, chrome: {chromedriverVersion: 126.0.6478.182 (5b5d8292ddf..., userDataDir: C:\Users\SHARI~1.SAS\AppDat...}, fedcm:accounts: true, goog:chromeOptions: {debuggerAddress: localhost:57877}, networkConnectionEnabled: false, pageLoadStrategy: normal, platformName: windows, proxy: Proxy(), se:cdp: ws://localhost:57877/devtoo..., se:cdpVersion: 126.0.6478.183, setWindowRect: true, strictFileInteractability: false, timeouts: {implicit: 0, pageLoad: 300000, script: 30000}, unhandledPromptBehavior: dismiss and notify, webauthn:extension:credBlob: true, webauthn:extension:largeBlob: true, webauthn:extension:minPinLength: true, webauthn:extension:prf: true, webauthn:virtualAuthenticators: true}
Element: [[ChromeDriver: chrome on windows (29119c5a6fc4256ae84427455786271d)] -> xpath: //button[@aria-label='Search']/parent::div]
Session ID: 29119c5a6fc4256ae84427455786271d
at java.base/jdk.internal.reflect.DirectConstructorHandleAccessor.newInstance(DirectConstructorHandleAccessor.java:62)
at java.base/java.lang.reflect.Constructor.newInstanceWithCaller(Constructor.java:502)
at java.base/java.lang.reflect.Constructor.newInstance(Constructor.java:486)
at org.openqa.selenium.remote.ErrorCodec.decode(ErrorCodec.java:167)
at org.openqa.selenium.remote.codec.w3c.W3CHttpResponseCodec.decode(W3CHttpResponseCodec.java:138)
at org.openqa.selenium.remote.codec.w3c.W3CHttpResponseCodec.decode(W3CHttpResponseCodec.java:50)
at org.openqa.selenium.remote.HttpCommandExecutor.execute(HttpCommandExecutor.java:190)
at org.openqa.selenium.remote.service.DriverCommandExecutor.invokeExecute(DriverCommandExecutor.java:216)
at org.openqa.selenium.remote.service.DriverCommandExecutor.execute(DriverCommandExecutor.java:174)
at org.openqa.selenium.remote.RemoteWebDriver.execute(RemoteWebDriver.java:518)
at org.openqa.selenium.remote.RemoteWebElement.execute(RemoteWebElement.java:223)
at org.openqa.selenium.remote.RemoteWebElement.click(RemoteWebElement.java:76)
at java.base/jdk.internal.reflect.DirectMethodHandleAccessor.invoke(DirectMethodHandleAccessor.java:103)
at java.base/java.lang.reflect.Method.invoke(Method.java:580)
at org.openqa.selenium.support.pagefactory.internal.LocatingElementHandler.invoke(LocatingElementHandler.java:51)
at jdk.proxy2/jdk.proxy2.$Proxy23.click(Unknown Source)
at pages.HomePage.SearchForItem(HomePage.java:63)
at stepdefinitions.homePageSteps.iSearchForTheCreatedAccount(homePageSteps.java:16)
at âœ½.I search for the created account(file:///C:/Users/shari.sasidharannair/Downloads/basic_fit-master/basic_fit-master/src/test/java/features/CreateAccount.feature:16)
]]>
    </error>
  </testcase> <!-- runScenario -->
</testsuite> <!-- runner.TestNGTestRunner -->
